# JRE version: OpenJDK Runtime Environment Temurin-17.0.12+7 (17.0.12+7) (build 17.0.12+7)
# Java VM: OpenJDK 64-Bit Server VM Temurin-17.0.12+7 (17.0.12+7, mixed mode, tiered, compressed oops, compressed class ptrs, parallel gc, linux-amd64)
GC Precious Log:
 CPUs: 4 total, 4 available
 Memory: 6880M
 Large Page Support: Disabled
 NUMA Support: Disabled
 Compressed Oops: Enabled (32-bit)
 Alignments: Space 512K, Generation 512K, Heap 2M
 Heap Min Capacity: 100M
 Heap Initial Capacity: 100M
 Heap Max Capacity: 1G
 Pre-touch: Disabled
 Parallel Workers: 4
Heap:
 PSYoungGen      total 14336K, used 13150K [0x00000000eab00000, 0x00000000ec200000, 0x0000000100000000)
  eden space 10240K, 88% used [0x00000000eab00000,0x00000000eb3df268,0x00000000eb500000)
  from space 4096K, 99% used [0x00000000eb900000,0x00000000ebcf8740,0x00000000ebd00000)
  to   space 5120K, 0% used [0x00000000ebd00000,0x00000000ebd00000,0x00000000ec200000)
 ParOldGen       total 158208K, used 133192K [0x00000000c0000000, 0x00000000c9a80000, 0x00000000eab00000)
  object space 158208K, 84% used [0x00000000c0000000,0x00000000c82122d8,0x00000000c9a80000)
 Metaspace       used 97953K, committed 99136K, reserved 1179648K
  class space    used 9687K, committed 10176K, reserved 1048576K
GC Heap History (20 events):
Event: 5425,358 GC heap before
{Heap before GC invocations=9382 (full 149):
 PSYoungGen      total 5632K, used 5359K [0x00000000eab00000, 0x00000000eb400000, 0x0000000100000000)
  eden space 3072K, 100% used [0x00000000eab00000,0x00000000eae00000,0x00000000eae00000)
  from space 2560K, 89% used [0x00000000eae00000,0x00000000eb03bd70,0x00000000eb080000)
  to   space 2560K, 0% used [0x00000000eb180000,0x00000000eb180000,0x00000000eb400000)
 ParOldGen       total 156672K, used 147028K [0x00000000c0000000, 0x00000000c9900000, 0x00000000eab00000)
  object space 156672K, 93% used [0x00000000c0000000,0x00000000c8f951d8,0x00000000c9900000)
 Metaspace       used 97629K, committed 98816K, reserved 1179648K
  class space    used 9647K, committed 10176K, reserved 1048576K
}
Event: 5425,360 GC heap after
{Heap after GC invocations=9382 (full 149):
 PSYoungGen      total 6144K, used 1840K [0x00000000eab00000, 0x00000000eb380000, 0x0000000100000000)
  eden space 4096K, 0% used [0x00000000eab00000,0x00000000eab00000,0x00000000eaf00000)
  from space 2048K, 89% used [0x00000000eb180000,0x00000000eb34c010,0x00000000eb380000)
  to   space 2048K, 0% used [0x00000000eaf80000,0x00000000eaf80000,0x00000000eb180000)
 ParOldGen       total 156672K, used 148931K [0x00000000c0000000, 0x00000000c9900000, 0x00000000eab00000)
  object space 156672K, 95% used [0x00000000c0000000,0x00000000c9170f38,0x00000000c9900000)
 Metaspace       used 97629K, committed 98816K, reserved 1179648K
  class space    used 9647K, committed 10176K, reserved 1048576K
}
Event: 5425,372 GC heap before
{Heap before GC invocations=9383 (full 149):
 PSYoungGen      total 6144K, used 5936K [0x00000000eab00000, 0x00000000eb380000, 0x0000000100000000)
  eden space 4096K, 100% used [0x00000000eab00000,0x00000000eaf00000,0x00000000eaf00000)
  from space 2048K, 89% used [0x00000000eb180000,0x00000000eb34c010,0x00000000eb380000)
  to   space 2048K, 0% used [0x00000000eaf80000,0x00000000eaf80000,0x00000000eb180000)
 ParOldGen       total 156672K, used 148931K [0x00000000c0000000, 0x00000000c9900000, 0x00000000eab00000)
  object space 156672K, 95% used [0x00000000c0000000,0x00000000c9170f38,0x00000000c9900000)
 Metaspace       used 97629K, committed 98816K, reserved 1179648K
  class space    used 9647K, committed 10176K, reserved 1048576K
}
Event: 5425,376 GC heap after
{Heap after GC invocations=9383 (full 149):
 PSYoungGen      total 6656K, used 2048K [0x00000000eab00000, 0x00000000ebc00000, 0x0000000100000000)
  eden space 4608K, 0% used [0x00000000eab00000,0x00000000eab00000,0x00000000eaf80000)
  from space 2048K, 100% used [0x00000000eaf80000,0x00000000eb180000,0x00000000eb180000)
  to   space 6144K, 0% used [0x00000000eb600000,0x00000000eb600000,0x00000000ebc00000)
 ParOldGen       total 156672K, used 152135K [0x00000000c0000000, 0x00000000c9900000, 0x00000000eab00000)
  object space 156672K, 97% used [0x00000000c0000000,0x00000000c9491f48,0x00000000c9900000)
 Metaspace       used 97629K, committed 98816K, reserved 1179648K
  class space    used 9647K, committed 10176K, reserved 1048576K
}
Event: 5425,390 GC heap before
{Heap before GC invocations=9384 (full 149):
 PSYoungGen      total 6656K, used 6656K [0x00000000eab00000, 0x00000000ebc00000, 0x0000000100000000)
  eden space 4608K, 100% used [0x00000000eab00000,0x00000000eaf80000,0x00000000eaf80000)
  from space 2048K, 100% used [0x00000000eaf80000,0x00000000eb180000,0x00000000eb180000)
  to   space 6144K, 0% used [0x00000000eb600000,0x00000000eb600000,0x00000000ebc00000)
 ParOldGen       total 156672K, used 152135K [0x00000000c0000000, 0x00000000c9900000, 0x00000000eab00000)
  object space 156672K, 97% used [0x00000000c0000000,0x00000000c9491f48,0x00000000c9900000)
 Metaspace       used 97629K, committed 98816K, reserved 1179648K
  class space    used 9647K, committed 10176K, reserved 1048576K
}
Event: 5425,393 GC heap after
{Heap after GC invocations=9384 (full 149):
 PSYoungGen      total 6656K, used 1024K [0x00000000eab00000, 0x00000000eb700000, 0x0000000100000000)
  eden space 5632K, 0% used [0x00000000eab00000,0x00000000eab00000,0x00000000eb080000)
  from space 1024K, 100% used [0x00000000eb600000,0x00000000eb700000,0x00000000eb700000)
  to   space 2560K, 0% used [0x00000000eb200000,0x00000000eb200000,0x00000000eb480000)
 ParOldGen       total 156672K, used 154215K [0x00000000c0000000, 0x00000000c9900000, 0x00000000eab00000)
  object space 156672K, 98% used [0x00000000c0000000,0x00000000c9699f48,0x00000000c9900000)
 Metaspace       used 97629K, committed 98816K, reserved 1179648K
  class space    used 9647K, committed 10176K, reserved 1048576K
}
Event: 5425,393 GC heap before
{Heap before GC invocations=9385 (full 150):
 PSYoungGen      total 6656K, used 1024K [0x00000000eab00000, 0x00000000eb700000, 0x0000000100000000)
  eden space 5632K, 0% used [0x00000000eab00000,0x00000000eab00000,0x00000000eb080000)
  from space 1024K, 100% used [0x00000000eb600000,0x00000000eb700000,0x00000000eb700000)
  to   space 2560K, 0% used [0x00000000eb200000,0x00000000eb200000,0x00000000eb480000)
 ParOldGen       total 156672K, used 154215K [0x00000000c0000000, 0x00000000c9900000, 0x00000000eab00000)
  object space 156672K, 98% used [0x00000000c0000000,0x00000000c9699f48,0x00000000c9900000)
 Metaspace       used 97629K, committed 98816K, reserved 1179648K
  class space    used 9647K, committed 10176K, reserved 1048576K
}
Event: 5425,532 GC heap after
{Heap after GC invocations=9385 (full 150):
 PSYoungGen      total 9728K, used 0K [0x00000000eab00000, 0x00000000eb700000, 0x0000000100000000)
  eden space 7168K, 0% used [0x00000000eab00000,0x00000000eab00000,0x00000000eb200000)
  from space 2560K, 0% used [0x00000000eb200000,0x00000000eb200000,0x00000000eb480000)
  to   space 2560K, 0% used [0x00000000eb480000,0x00000000eb480000,0x00000000eb700000)
 ParOldGen       total 158208K, used 118268K [0x00000000c0000000, 0x00000000c9a80000, 0x00000000eab00000)
  object space 158208K, 74% used [0x00000000c0000000,0x00000000c737f0f8,0x00000000c9a80000)
 Metaspace       used 97629K, committed 98816K, reserved 1179648K
  class space    used 9647K, committed 10176K, reserved 1048576K
}
Event: 5425,624 GC heap before
{Heap before GC invocations=9386 (full 150):
 PSYoungGen      total 9728K, used 7167K [0x00000000eab00000, 0x00000000eb700000, 0x0000000100000000)
  eden space 7168K, 99% used [0x00000000eab00000,0x00000000eb1ffff8,0x00000000eb200000)
  from space 2560K, 0% used [0x00000000eb200000,0x00000000eb200000,0x00000000eb480000)
  to   space 2560K, 0% used [0x00000000eb480000,0x00000000eb480000,0x00000000eb700000)
 ParOldGen       total 158208K, used 118268K [0x00000000c0000000, 0x00000000c9a80000, 0x00000000eab00000)
  object space 158208K, 74% used [0x00000000c0000000,0x00000000c737f0f8,0x00000000c9a80000)
 Metaspace       used 97629K, committed 98816K, reserved 1179648K
  class space    used 9647K, committed 10176K, reserved 1048576K
}
Event: 5425,625 GC heap after
{Heap after GC invocations=9386 (full 150):
 PSYoungGen      total 9728K, used 304K [0x00000000eab00000, 0x00000000eb580000, 0x0000000100000000)
  eden space 8704K, 0% used [0x00000000eab00000,0x00000000eab00000,0x00000000eb380000)
  from space 1024K, 29% used [0x00000000eb480000,0x00000000eb4cc010,0x00000000eb580000)
  to   space 1024K, 0% used [0x00000000eb380000,0x00000000eb380000,0x00000000eb480000)
 ParOldGen       total 158208K, used 118268K [0x00000000c0000000, 0x00000000c9a80000, 0x00000000eab00000)
  object space 158208K, 74% used [0x00000000c0000000,0x00000000c737f0f8,0x00000000c9a80000)
 Metaspace       used 97629K, committed 98816K, reserved 1179648K
  class space    used 9647K, committed 10176K, reserved 1048576K
}
Event: 5439,234 GC heap before
{Heap before GC invocations=9387 (full 150):
 PSYoungGen      total 9728K, used 9008K [0x00000000eab00000, 0x00000000eb580000, 0x0000000100000000)
  eden space 8704K, 100% used [0x00000000eab00000,0x00000000eb380000,0x00000000eb380000)
  from space 1024K, 29% used [0x00000000eb480000,0x00000000eb4cc010,0x00000000eb580000)
  to   space 1024K, 0% used [0x00000000eb380000,0x00000000eb380000,0x00000000eb480000)
 ParOldGen       total 158208K, used 118268K [0x00000000c0000000, 0x00000000c9a80000, 0x00000000eab00000)
  object space 158208K, 74% used [0x00000000c0000000,0x00000000c737f0f8,0x00000000c9a80000)
 Metaspace       used 97629K, committed 98816K, reserved 1179648K
  class space    used 9647K, committed 10176K, reserved 1048576K
}
Event: 5439,242 GC heap after
{Heap after GC invocations=9387 (full 150):
 PSYoungGen      total 9728K, used 1023K [0x00000000eab00000, 0x00000000ec380000, 0x0000000100000000)
  eden space 8704K, 0% used [0x00000000eab00000,0x00000000eab00000,0x00000000eb380000)
  from space 1024K, 99% used [0x00000000eb380000,0x00000000eb47fd60,0x00000000eb480000)
  to   space 8192K, 0% used [0x00000000ebb80000,0x00000000ebb80000,0x00000000ec380000)
 ParOldGen       total 158208K, used 124174K [0x00000000c0000000, 0x00000000c9a80000, 0x00000000eab00000)
  object space 158208K, 78% used [0x00000000c0000000,0x00000000c7943b08,0x00000000c9a80000)
 Metaspace       used 97629K, committed 98816K, reserved 1179648K
  class space    used 9647K, committed 10176K, reserved 1048576K
}
Event: 5439,269 GC heap before
{Heap before GC invocations=9388 (full 150):
 PSYoungGen      total 9728K, used 9727K [0x00000000eab00000, 0x00000000ec380000, 0x0000000100000000)
  eden space 8704K, 100% used [0x00000000eab00000,0x00000000eb380000,0x00000000eb380000)
  from space 1024K, 99% used [0x00000000eb380000,0x00000000eb47fd60,0x00000000eb480000)
  to   space 8192K, 0% used [0x00000000ebb80000,0x00000000ebb80000,0x00000000ec380000)
 ParOldGen       total 158208K, used 124174K [0x00000000c0000000, 0x00000000c9a80000, 0x00000000eab00000)
  object space 158208K, 78% used [0x00000000c0000000,0x00000000c7943b08,0x00000000c9a80000)
 Metaspace       used 97629K, committed 98816K, reserved 1179648K
  class space    used 9647K, committed 10176K, reserved 1048576K
}
Event: 5439,271 GC heap after
{Heap after GC invocations=9388 (full 150):
 PSYoungGen      total 9728K, used 554K [0x00000000eab00000, 0x00000000ebc80000, 0x0000000100000000)
  eden space 8704K, 0% used [0x00000000eab00000,0x00000000eab00000,0x00000000eb380000)
  from space 1024K, 54% used [0x00000000ebb80000,0x00000000ebc0aa10,0x00000000ebc80000)
  to   space 3072K, 0% used [0x00000000eb680000,0x00000000eb680000,0x00000000eb980000)
 ParOldGen       total 158208K, used 124302K [0x00000000c0000000, 0x00000000c9a80000, 0x00000000eab00000)
  object space 158208K, 78% used [0x00000000c0000000,0x00000000c7963b28,0x00000000c9a80000)
 Metaspace       used 97629K, committed 98816K, reserved 1179648K
  class space    used 9647K, committed 10176K, reserved 1048576K
}
Event: 5439,294 GC heap before
{Heap before GC invocations=9389 (full 150):
 PSYoungGen      total 9728K, used 9258K [0x00000000eab00000, 0x00000000ebc80000, 0x0000000100000000)
  eden space 8704K, 100% used [0x00000000eab00000,0x00000000eb380000,0x00000000eb380000)
  from space 1024K, 54% used [0x00000000ebb80000,0x00000000ebc0aa10,0x00000000ebc80000)
  to   space 3072K, 0% used [0x00000000eb680000,0x00000000eb680000,0x00000000eb980000)
 ParOldGen       total 158208K, used 124302K [0x00000000c0000000, 0x00000000c9a80000, 0x00000000eab00000)
  object space 158208K, 78% used [0x00000000c0000000,0x00000000c7963b28,0x00000000c9a80000)
 Metaspace       used 97629K, committed 98816K, reserved 1179648K
  class space    used 9647K, committed 10176K, reserved 1048576K
}
Event: 5439,301 GC heap after
{Heap after GC invocations=9389 (full 150):
 PSYoungGen      total 13312K, used 3071K [0x00000000eab00000, 0x00000000ecb00000, 0x0000000100000000)
  eden space 10240K, 0% used [0x00000000eab00000,0x00000000eab00000,0x00000000eb500000)
  from space 3072K, 99% used [0x00000000eb680000,0x00000000eb97fd40,0x00000000eb980000)
  to   space 11264K, 0% used [0x00000000ec000000,0x00000000ec000000,0x00000000ecb00000)
 ParOldGen       total 158208K, used 130454K [0x00000000c0000000, 0x00000000c9a80000, 0x00000000eab00000)
  object space 158208K, 82% used [0x00000000c0000000,0x00000000c7f659b8,0x00000000c9a80000)
 Metaspace       used 97629K, committed 98816K, reserved 1179648K
  class space    used 9647K, committed 10176K, reserved 1048576K
}
Event: 5439,337 GC heap before
{Heap before GC invocations=9390 (full 150):
 PSYoungGen      total 13312K, used 13311K [0x00000000eab00000, 0x00000000ecb00000, 0x0000000100000000)
  eden space 10240K, 100% used [0x00000000eab00000,0x00000000eb500000,0x00000000eb500000)
  from space 3072K, 99% used [0x00000000eb680000,0x00000000eb97fd40,0x00000000eb980000)
  to   space 11264K, 0% used [0x00000000ec000000,0x00000000ec000000,0x00000000ecb00000)
 ParOldGen       total 158208K, used 130454K [0x00000000c0000000, 0x00000000c9a80000, 0x00000000eab00000)
  object space 158208K, 82% used [0x00000000c0000000,0x00000000c7f659b8,0x00000000c9a80000)
 Metaspace       used 97630K, committed 98816K, reserved 1179648K
  class space    used 9647K, committed 10176K, reserved 1048576K
}
Event: 5439,340 GC heap after
{Heap after GC invocations=9390 (full 150):
 PSYoungGen      total 11264K, used 800K [0x00000000eab00000, 0x00000000ec100000, 0x0000000100000000)
  eden space 10240K, 0% used [0x00000000eab00000,0x00000000eab00000,0x00000000eb500000)
  from space 1024K, 78% used [0x00000000ec000000,0x00000000ec0c8000,0x00000000ec100000)
  to   space 4096K, 0% used [0x00000000eb900000,0x00000000eb900000,0x00000000ebd00000)
 ParOldGen       total 158208K, used 131726K [0x00000000c0000000, 0x00000000c9a80000, 0x00000000eab00000)
  object space 158208K, 83% used [0x00000000c0000000,0x00000000c80a39b8,0x00000000c9a80000)
 Metaspace       used 97630K, committed 98816K, reserved 1179648K
  class space    used 9647K, committed 10176K, reserved 1048576K
}
Event: 19070,157 GC heap before
{Heap before GC invocations=9391 (full 150):
 PSYoungGen      total 11264K, used 11040K [0x00000000eab00000, 0x00000000ec100000, 0x0000000100000000)
  eden space 10240K, 100% used [0x00000000eab00000,0x00000000eb500000,0x00000000eb500000)
  from space 1024K, 78% used [0x00000000ec000000,0x00000000ec0c8000,0x00000000ec100000)
  to   space 4096K, 0% used [0x00000000eb900000,0x00000000eb900000,0x00000000ebd00000)
 ParOldGen       total 158208K, used 131726K [0x00000000c0000000, 0x00000000c9a80000, 0x00000000eab00000)
  object space 158208K, 83% used [0x00000000c0000000,0x00000000c80a39b8,0x00000000c9a80000)
 Metaspace       used 97907K, committed 99072K, reserved 1179648K
  class space    used 9683K, committed 10176K, reserved 1048576K
}
Event: 19070,254 GC heap after
{Heap after GC invocations=9391 (full 150):
 PSYoungGen      total 14336K, used 4065K [0x00000000eab00000, 0x00000000ec200000, 0x0000000100000000)
  eden space 10240K, 0% used [0x00000000eab00000,0x00000000eab00000,0x00000000eb500000)
  from space 4096K, 99% used [0x00000000eb900000,0x00000000ebcf8740,0x00000000ebd00000)
  to   space 5120K, 0% used [0x00000000ebd00000,0x00000000ebd00000,0x00000000ec200000)
 ParOldGen       total 158208K, used 133192K [0x00000000c0000000, 0x00000000c9a80000, 0x00000000eab00000)
  object space 158208K, 84% used [0x00000000c0000000,0x00000000c82122d8,0x00000000c9a80000)
 Metaspace       used 97907K, committed 99072K, reserved 1179648K
  class space    used 9683K, committed 10176K, reserved 1048576K
}

